<?xml version="1.0" encoding="UTF-8"?>
<!-- Generated by org.testng.reporters.JUnitXMLReporter -->
<testsuite ignored="0" hostname="DESKTOP-950OGGL" failures="0" tests="3" name="Command line test" time="0.047" errors="0" timestamp="2021-10-20T20:56:25 EEST">
  <testcase classname="CalculatorTest" name="testSum" time="0.016"/>
  <testcase classname="CalculatorTest" name="testSum1" time="0.0"/>
  <testcase classname="CalculatorTest" name="testSum2" time="0.0"/>
</testsuite> <!-- Command line test -->
