<?xml version="1.0" encoding="UTF-8"?>
<testng-results ignored="0" total="3" passed="3" failed="0" skipped="0">
  <reporter-output>
  </reporter-output>
  <suite started-at="2021-10-20T20:56:25 EEST" name="CalculatorTest" finished-at="2021-10-20T20:56:25 EEST" duration-ms="47">
    <groups>
    </groups>
    <test started-at="2021-10-20T20:56:25 EEST" name="Command line test" finished-at="2021-10-20T20:56:25 EEST" duration-ms="47">
      <class name="CalculatorTest">
        <test-method signature="testSum()[pri:0, instance:CalculatorTest@1700915]" started-at="2021-10-20T20:56:25 EEST" name="testSum" finished-at="2021-10-20T20:56:25 EEST" duration-ms="16" status="PASS">
          <reporter-output>
          </reporter-output>
        </test-method> <!-- testSum -->
        <test-method signature="testSum2()[pri:0, instance:CalculatorTest@1700915]" started-at="2021-10-20T20:56:25 EEST" name="testSum2" finished-at="2021-10-20T20:56:25 EEST" duration-ms="0" status="PASS">
          <reporter-output>
          </reporter-output>
        </test-method> <!-- testSum2 -->
        <test-method signature="testSum1()[pri:0, instance:CalculatorTest@1700915]" started-at="2021-10-20T20:56:25 EEST" name="testSum1" finished-at="2021-10-20T20:56:25 EEST" duration-ms="0" status="PASS">
          <reporter-output>
          </reporter-output>
        </test-method> <!-- testSum1 -->
      </class> <!-- CalculatorTest -->
    </test> <!-- Command line test -->
  </suite> <!-- CalculatorTest -->
</testng-results>
