<?xml version="1.0" encoding="UTF-8"?>
<!-- Generated by org.testng.reporters.JUnitXMLReporter -->
<testsuite ignored="0" hostname="DESKTOP-950OGGL" failures="0" tests="6" name="Calculator" time="0.047" errors="0" timestamp="2021-10-30T11:55:43 EEST">
  <testcase classname="TestNgDemoTests.CalculatorTest" name="testSum" time="0.0"/>
  <testcase classname="TestNgDemoTests.CalculatorTest" name="testSum1" time="0.0"/>
  <testcase classname="TestNgDemoTests.CalculatorTest" name="testSum2" time="0.0"/>
  <testcase classname="TestNgDemoTests.CalculatorTest" name="testSumWithDataProvider" time="0.0"/>
  <testcase classname="TestNgDemoTests.CalculatorTest" name="testSumWithDataProvider" time="0.0"/>
  <testcase classname="TestNgDemoTests.CalculatorTest" name="testSumWithDataProvider" time="0.0"/>
</testsuite> <!-- Calculator -->
