<?xml version="1.0" encoding="UTF-8"?>
<!-- Generated by org.testng.reporters.JUnitXMLReporter -->
<testsuite ignored="0" hostname="DESKTOP-950OGGL" failures="0" tests="3" name="IsLeapYear" time="0.0" errors="0" timestamp="2021-10-30T11:55:43 EEST">
  <testcase classname="TestNgDemoTests.IsLeapYearTest" name="testLeapYear1" time="0.0"/>
  <testcase classname="TestNgDemoTests.IsLeapYearTest" name="testLeapYear2" time="0.0"/>
  <testcase classname="TestNgDemoTests.IsLeapYearTest" name="testLeapYear3" time="0.0"/>
</testsuite> <!-- IsLeapYear -->
