<?xml version="1.0" encoding="UTF-8"?>
<!-- Generated by org.testng.reporters.JUnitXMLReporter -->
<testsuite ignored="0" hostname="DESKTOP-950OGGL" failures="0" tests="4" name="ReverseString" time="0.0" errors="0" timestamp="2021-10-30T11:55:43 EEST">
  <testcase classname="TestNgDemoTests.ReverseStringTest" name="testReverseStrWithDataProvider" time="0.0"/>
  <testcase classname="TestNgDemoTests.ReverseStringTest" name="testReverseStrWithDataProvider" time="0.0"/>
  <testcase classname="TestNgDemoTests.ReverseStringTest" name="testReverseStrWithDataProvider" time="0.0"/>
  <testcase classname="TestNgDemoTests.ReverseStringTest" name="testReverseStrWithDataProvider" time="0.0"/>
</testsuite> <!-- ReverseString -->
