<?xml version="1.0" encoding="UTF-8"?>
<!-- Generated by org.testng.reporters.JUnitXMLReporter -->
<testsuite ignored="0" hostname="DESKTOP-950OGGL" failures="0" tests="4" name="SunMinMaxArrayElements" time="0.0" errors="0" timestamp="2021-10-30T11:55:43 EEST">
  <testcase classname="TestNgDemoTests.SumMinMaxArrayElemTest" name="testSumMinMaxArray1" time="0.0"/>
  <testcase classname="TestNgDemoTests.SumMinMaxArrayElemTest" name="testSumMinMaxArray2" time="0.0"/>
  <testcase classname="TestNgDemoTests.SumMinMaxArrayElemTest" name="testSumMinMaxArray3" time="0.0"/>
  <testcase classname="TestNgDemoTests.SumMinMaxArrayElemTest" name="testSumMinMaxArray4" time="0.0"/>
</testsuite> <!-- SunMinMaxArrayElements -->
